#
# There is insufficient memory for the Java Runtime Environment to continue.
# Native memory allocation (mmap) failed to map 134217728 bytes for Failed to commit area from 0x0000000081800000 to 0x0000000089800000 of length 134217728.
# Possible reasons:
#   The system is out of physical RAM or swap space
#   The process is running with CompressedOops enabled, and the Java Heap may be blocking the growth of the native heap
# Possible solutions:
#   Reduce memory load on the system
#   Increase physical memory or swap space
#   Check if swap backing store is full
#   Decrease Java heap size (-Xmx/-Xms)
#   Decrease number of Java threads
#   Decrease Java thread stack sizes (-Xss)
#   Set larger code cache with -XX:ReservedCodeCacheSize=
# This output file may be truncated or incomplete.
#
#  Out of Memory Error (./open/src/hotspot/os/windows/os_windows.cpp:3284), pid=10884, tid=4752
#
# JRE version:  (11.0.14+8) (build )
# Java VM: Java HotSpot(TM) 64-Bit Server VM (11.0.14+8-LTS-263, mixed mode, sharing, tiered, compressed oops, g1 gc, windows-amd64)
# No core dump will be written. Minidumps are not enabled by default on client versions of Windows
#

---------------  S U M M A R Y ------------

Command Line: io.qameta.allure.CommandLine generate

Host: Intel(R) Core(TM) i3-4005U CPU @ 1.70GHz, 4 cores, 7G,  Windows 10 , 64 bit Build 19041 (10.0.19041.1889)
Time: Sun Jun 23 16:54:07 2024 India Standard Time elapsed time: 0.638965 seconds (0d 0h 0m 0s)

---------------  T H R E A D  ---------------

Current thread (0x0000018720fe3800):  JavaThread "Unknown thread" [_thread_in_vm, id=4752, stack(0x00000048b1900000,0x00000048b1a00000)]

Stack: [0x00000048b1900000,0x00000048b1a00000]
Native frames: (J=compiled Java code, j=interpreted, Vv=VM code, C=native code)
V  [jvm.dll+0x6296da]
V  [jvm.dll+0x76323f]
V  [jvm.dll+0x7648e9]
V  [jvm.dll+0x764f73]
V  [jvm.dll+0x23d7c8]
V  [jvm.dll+0x626a5a]
V  [jvm.dll+0x61b7f5]
V  [jvm.dll+0x2f262c]
V  [jvm.dll+0x2f24b2]
V  [jvm.dll+0x2f71d6]
V  [jvm.dll+0x339bdf]
V  [jvm.dll+0x339610]
V  [jvm.dll+0x2cfc48]
V  [jvm.dll+0x2d0db6]
V  [jvm.dll+0x73d857]
V  [jvm.dll+0x73f0ef]
V  [jvm.dll+0x346909]
V  [jvm.dll+0x723160]
V  [jvm.dll+0x3b551f]
V  [jvm.dll+0x3b7631]
C  [jli.dll+0x5207]
C  [ucrtbase.dll+0x21bb2]
C  [KERNEL32.DLL+0x17034]
C  [ntdll.dll+0x526a1]


---------------  P R O C E S S  ---------------

Threads class SMR info:
_java_thread_list=0x000001871ed78130, length=0, elements={
}

Java Threads: ( => current thread )

Other Threads:
  0x0000018720ffa000 GCTaskThread "GC Thread#0" [stack: 0x00000048b1a00000,0x00000048b1b00000] [id=14356]
  0x000001872102e000 ConcurrentGCThread "G1 Main Marker" [stack: 0x00000048b1b00000,0x00000048b1c00000] [id=3700]
  0x000001872102f000 ConcurrentGCThread "G1 Conc#0" [stack: 0x00000048b1c00000,0x00000048b1d00000] [id=8596]

[error occurred during error reporting (printing all threads), id 0xc0000005, EXCEPTION_ACCESS_VIOLATION (0xc0000005) at pc=0x00007ffb515eeed7]

VM state:not at safepoint (not fully initialized)

VM Mutex/Monitor currently owned by a thread:  ([mutex/lock_event])
[0x0000018720fdfb90] Heap_lock - owner thread: 0x0000018720fe3800

Heap address: 0x0000000081800000, size: 2024 MB, Compressed Oops mode: Non-zero based: 0x0000000081800000
Narrow klass base: 0x0000000000000000, Narrow klass shift: 0

GC Heap History (0 events):
No events

Deoptimization events (0 events):
No events

Classes redefined (0 events):
No events

Internal exceptions (0 events):
No events

Events (0 events):
No events


Dynamic libraries:
0x00007ff653890000 - 0x00007ff65389f000 	C:\Program Files\Java\jdk-11.0.14\bin\java.exe
0x00007ffbafbd0000 - 0x00007ffbafdc8000 	C:\WINDOWS\SYSTEM32\ntdll.dll
0x00007ffbae490000 - 0x00007ffbae54d000 	C:\WINDOWS\System32\KERNEL32.DLL
0x00007ffbad840000 - 0x00007ffbadb0e000 	C:\WINDOWS\System32\KERNELBASE.dll
0x00007ffbad490000 - 0x00007ffbad590000 	C:\WINDOWS\System32\ucrtbase.dll
0x00007ffb8fe60000 - 0x00007ffb8fe78000 	C:\Program Files\Java\jdk-11.0.14\bin\jli.dll
0x00007ffb8fe40000 - 0x00007ffb8fe55000 	C:\Program Files\Java\jdk-11.0.14\bin\VCRUNTIME140.dll
0x00007ffbafa30000 - 0x00007ffbafade000 	C:\WINDOWS\System32\ADVAPI32.dll
0x00007ffbaf4b0000 - 0x00007ffbaf54e000 	C:\WINDOWS\System32\msvcrt.dll
0x00007ffbae5b0000 - 0x00007ffbae64c000 	C:\WINDOWS\System32\sechost.dll
0x00007ffbaf5e0000 - 0x00007ffbaf705000 	C:\WINDOWS\System32\RPCRT4.dll
0x00007ffbadd80000 - 0x00007ffbadf20000 	C:\WINDOWS\System32\USER32.dll
0x00007ffbad630000 - 0x00007ffbad652000 	C:\WINDOWS\System32\win32u.dll
0x00007ffbaf550000 - 0x00007ffbaf57a000 	C:\WINDOWS\System32\GDI32.dll
0x00007ffb9c120000 - 0x00007ffb9c3ba000 	C:\WINDOWS\WinSxS\amd64_microsoft.windows.common-controls_6595b64144ccf1df_6.0.19041.1110_none_60b5254171f9507e\COMCTL32.dll
0x00007ffbad2f0000 - 0x00007ffbad3fb000 	C:\WINDOWS\System32\gdi32full.dll
0x00007ffbad590000 - 0x00007ffbad62d000 	C:\WINDOWS\System32\msvcp_win.dll
0x00007ffbacbe0000 - 0x00007ffbacbea000 	C:\WINDOWS\SYSTEM32\VERSION.dll
0x00007ffbadd50000 - 0x00007ffbadd80000 	C:\WINDOWS\System32\IMM32.DLL
0x00000000706d0000 - 0x00000000706dc000 	C:\Program Files (x86)\360\Total Security\safemon\SafeWrapper.dll
0x00007ffb5cb00000 - 0x00007ffb5cb92000 	C:\Program Files (x86)\360\Total Security\safemon\libzdtp64.dll
0x00007ffbae650000 - 0x00007ffbaed93000 	C:\WINDOWS\System32\SHELL32.dll
0x00007ffbae420000 - 0x00007ffbae475000 	C:\WINDOWS\System32\SHLWAPI.dll
0x00007ffb8be80000 - 0x00007ffb8bf1b000 	C:\Program Files\Java\jdk-11.0.14\bin\msvcp140.dll
0x00007ffb51310000 - 0x00007ffb51e26000 	C:\Program Files\Java\jdk-11.0.14\bin\server\jvm.dll
0x00007ffbae390000 - 0x00007ffbae398000 	C:\WINDOWS\System32\PSAPI.DLL
0x00007ffb9c080000 - 0x00007ffb9c0a7000 	C:\WINDOWS\SYSTEM32\WINMM.dll
0x00007ffba3e80000 - 0x00007ffba3e89000 	C:\WINDOWS\SYSTEM32\WSOCK32.dll
0x00007ffbaefa0000 - 0x00007ffbaf00b000 	C:\WINDOWS\System32\WS2_32.dll
0x00007ffbab050000 - 0x00007ffbab062000 	C:\WINDOWS\SYSTEM32\kernel.appcore.dll
0x00007ffb9cb80000 - 0x00007ffb9cb90000 	C:\Program Files\Java\jdk-11.0.14\bin\verify.dll
0x00007ffb9d7e0000 - 0x00007ffb9d9c4000 	C:\WINDOWS\SYSTEM32\DBGHELP.DLL
0x00007ffb9d7b0000 - 0x00007ffb9d7dc000 	C:\WINDOWS\SYSTEM32\dbgcore.DLL
0x00007ffbad400000 - 0x00007ffbad482000 	C:\WINDOWS\System32\bcryptPrimitives.dll
0x00007ffb8fe10000 - 0x00007ffb8fe38000 	C:\Program Files\Java\jdk-11.0.14\bin\java.dll
0x00007ffb9b590000 - 0x00007ffb9b59a000 	C:\Program Files\Java\jdk-11.0.14\bin\jimage.dll
0x00007ffb8fd70000 - 0x00007ffb8fd86000 	C:\Program Files\Java\jdk-11.0.14\bin\zip.dll

dbghelp: loaded successfully - version: 4.0.5 - missing functions: none
symbol engine: initialized successfully - sym options: 0x614 - pdb path: .;C:\Program Files\Java\jdk-11.0.14\bin;C:\WINDOWS\SYSTEM32;C:\WINDOWS\WinSxS\amd64_microsoft.windows.common-controls_6595b64144ccf1df_6.0.19041.1110_none_60b5254171f9507e;C:\Program Files (x86)\360\Total Security\safemon;C:\Program Files\Java\jdk-11.0.14\bin\server

VM Arguments:
java_command: io.qameta.allure.CommandLine generate
java_class_path (initial): C:\allure-2.10.0\bin\..\lib\allure-commandline-2.10.0.jar;C:\allure-2.10.0\bin\..\lib\jcommander-1.72.jar;C:\allure-2.10.0\bin\..\lib\allure-generator-2.10.0.jar;C:\allure-2.10.0\bin\..\lib\allure-plugin-api-2.10.0.jar;C:\allure-2.10.0\bin\..\lib\jackson-dataformat-xml-2.9.8.jar;C:\allure-2.10.0\bin\..\lib\allure-model-2.9.0.jar;C:\allure-2.10.0\bin\..\lib\jackson-module-jaxb-annotations-2.9.8.jar;C:\allure-2.10.0\bin\..\lib\jackson-databind-2.9.8.jar;C:\allure-2.10.0\bin\..\lib\jackson-dataformat-yaml-2.9.8.jar;C:\allure-2.10.0\bin\..\lib\commons-io-2.6.jar;C:\allure-2.10.0\bin\..\lib\jetty-server-9.4.14.v20181114.jar;C:\allure-2.10.0\bin\..\lib\slf4j-log4j12-1.7.25.jar;C:\allure-2.10.0\bin\..\lib\jackson-annotations-2.9.0.jar;C:\allure-2.10.0\bin\..\lib\jackson-core-2.9.8.jar;C:\allure-2.10.0\bin\..\lib\snakeyaml-1.23.jar;C:\allure-2.10.0\bin\..\lib\javax.servlet-api-3.1.0.jar;C:\allure-2.10.0\bin\..\lib\jetty-http-9.4.14.v20181114.jar;C:\allure-2.10.0\bin\..\lib\jetty-io-9.4.14.v20181114.jar;C:\allure-2.10.0\bin\..\lib\allure1-model-1.0.jar;C:\allure-2.10.0\bin\..\lib\slf4j-api-1.7.25.jar;C:\allure-2.10.0\bin\..\lib\log4j-1.2.17.jar;C:\allure-2.10.0\bin\..\lib\httpclient-4.5.7.jar;C:\allure-2.10.0\bin\..\lib\tika-core-1.20.jar;C:\allure-2.10.0\bin\..\lib\freemarker-2.3.28.jar;C:\allure-2.10.0\bin\..\lib\jetty-util-9.4.14.v20181114.jar;C:\allure-2.10.0\bin\..\lib\opencsv-4.5.jar;C:\allure-2.10.0\bin\..\lib\flexmark-0.40.16.jar;C:\allure-2.10.0\bin\..\lib\jaxb-api-2.3.1.jar;C:\allure-2.10.0\bin\..\lib\woodstox-core-5.0.3.jar;C:\allure-2.10.0\bin\..\lib\stax2-api-3.1.4.jar;C:\allure-2.10.0\bin\..\lib\properties-2.0.RC5.jar;C:\allure-2.10.0\bin\..\lib\jaxb-utils-1.0.jar;C:\allure-2.10.0\bin\..\lib\httpcore-4.4.11.jar;C:\allure-2.10.0\bin\..\lib\commons-beanutils-1.9.3.jar;C:\allure-2.10.0\bin\..\lib\commons-logging-1.2.jar;C:\allure-2.10.0\bin\..\lib\commons-codec-1.11.jar;C:\allure-2.10.0\bin\..\lib\commons-text-1.3.jar;C:\allure-2.10.0\
Launcher Type: SUN_STANDARD

[Global flags]
     intx CICompilerCount                          = 3                                         {product} {ergonomic}
     uint ConcGCThreads                            = 1                                         {product} {ergonomic}
     uint G1ConcRefinementThreads                  = 4                                         {product} {ergonomic}
   size_t G1HeapRegionSize                         = 1048576                                   {product} {ergonomic}
    uintx GCDrainStackTargetSize                   = 64                                        {product} {ergonomic}
   size_t InitialHeapSize                          = 134217728                                 {product} {ergonomic}
   size_t MarkStackSize                            = 4194304                                   {product} {ergonomic}
   size_t MaxHeapSize                              = 2122317824                                {product} {ergonomic}
   size_t MinHeapDeltaBytes                        = 1048576                                   {product} {ergonomic}
    uintx NonNMethodCodeHeapSize                   = 5830732                                {pd product} {ergonomic}
    uintx NonProfiledCodeHeapSize                  = 122913754                              {pd product} {ergonomic}
    uintx ProfiledCodeHeapSize                     = 122913754                              {pd product} {ergonomic}
    uintx ReservedCodeCacheSize                    = 251658240                              {pd product} {ergonomic}
     bool SegmentedCodeCache                       = true                                      {product} {ergonomic}
     bool UseCompressedClassPointers               = true                                 {lp64_product} {ergonomic}
     bool UseCompressedOops                        = true                                 {lp64_product} {ergonomic}
     bool UseG1GC                                  = true                                      {product} {ergonomic}
     bool UseLargePagesIndividualAllocation        = false                                  {pd product} {ergonomic}

Logging:
Log output configuration:
 #0: stdout all=warning uptime,level,tags
 #1: stderr all=off uptime,level,tags

Environment Variables:
JAVA_HOME=C:\Program Files\Java\jdk-11.0.14
CLASSPATH=C:\allure-2.10.0\bin\..\lib\allure-commandline-2.10.0.jar;C:\allure-2.10.0\bin\..\lib\jcommander-1.72.jar;C:\allure-2.10.0\bin\..\lib\allure-generator-2.10.0.jar;C:\allure-2.10.0\bin\..\lib\allure-plugin-api-2.10.0.jar;C:\allure-2.10.0\bin\..\lib\jackson-dataformat-xml-2.9.8.jar;C:\allure-2.10.0\bin\..\lib\allure-model-2.9.0.jar;C:\allure-2.10.0\bin\..\lib\jackson-module-jaxb-annotations-2.9.8.jar;C:\allure-2.10.0\bin\..\lib\jackson-databind-2.9.8.jar;C:\allure-2.10.0\bin\..\lib\jackson-dataformat-yaml-2.9.8.jar;C:\allure-2.10.0\bin\..\lib\commons-io-2.6.jar;C:\allure-2.10.0\bin\..\lib\jetty-server-9.4.14.v20181114.jar;C:\allure-2.10.0\bin\..\lib\slf4j-log4j12-1.7.25.jar;C:\allure-2.10.0\bin\..\lib\jackson-annotations-2.9.0.jar;C:\allure-2.10.0\bin\..\lib\jackson-core-2.9.8.jar;C:\allure-2.10.0\bin\..\lib\snakeyaml-1.23.jar;C:\allure-2.10.0\bin\..\lib\javax.servlet-api-3.1.0.jar;C:\allure-2.10.0\bin\..\lib\jetty-http-9.4.14.v20181114.jar;C:\allure-2.10.0\bin\..\lib\jetty-io-9.4.14.v20181114.jar;C:\allure-2.10.0\bin\..\lib\allure1-model-1.0.jar;C:\allure-2.10.0\bin\..\lib\slf4j-api-1.7.25.jar;C:\allure-2.10.0\bin\..\lib\log4j-1.2.17.jar;C:\allure-2.10.0\bin\..\lib\httpclient-4.5.7.jar;C:\allure-2.10.0\bin\..\lib\tika-core-1.20.jar;C:\allure-2.10.0\bin\..\lib\freemarker-2.3.28.jar;C:\allure-2.10.0\bin\..\lib\jetty-util-9.4.14.v20181114.jar;C:\allure-2.10.0\bin\..\lib\opencsv-4.5.jar;C:\allure-2.10.0\bin\..\lib\flexmark-0.40.16.jar;C:\allure-2.10.0\bin\..\lib\jaxb-api-2.3.1.jar;C:\allure-2.10.0\bin\..\lib\woodstox-core-5.0.3.jar;C:\allure-2.10.0\bin\..\lib\stax2-api-3.1.4.jar;C:\allure-2.10.0\bin\..\lib\properties-2.0.RC5.jar;C:\allure-2.10.0\bin\..\lib\jaxb-utils-1.0.jar;C:\allure-2.10.0\bin\..\lib\httpcore-4.4.11.jar;C:\allure-2.10.0\bin\..\lib\commons-beanutils-1.9.3.jar;C:\allure-2.10.0\bin\..\lib\commons-logging-1.2.jar;C:\allure-2.10.0\bin\..\lib\commons-codec-1.11.jar;C:\allure-2.10.0\bin\..\lib\commons-text-1.3.jar;C:\allure-2.10.0\bin\..\lib\commons-lang3-3.
PATH=C:\Program Files\Java\jdk-11.0.14\bin;C:\Users\amit\AppData\Local\Android\Sdk\platform-tools;C:\Users\amit\AppData\Local\Android\Sdk\tools;C:\TDM-GCC-64\bin;C:\Program Files\Common Files\Oracle\Java\javapath;C:\Program Files (x86)\Common Files\Oracle\Java\javapath;C:\PROGRAMDATA\ORACLE\JAVA\JAVAPATH;C:\PROGRAM FILES (X86)\INTEL\ICLS CLIENT\;C:\PROGRAM FILES\INTEL\ICLS CLIENT\;C:\WINDOWS\SYSTEM32;C:\WINDOWS;C:\WINDOWS\SYSTEM32\WBEM;C:\WINDOWS\SYSTEM32\WINDOWSPOWERSHELL\V1.0\;C:\PROGRAM FILES\INTEL\INTEL(R) MANAGEMENT ENGINE COMPONENTS\DAL;C:\PROGRAM FILES\INTEL\INTEL(R) MANAGEMENT ENGINE COMPONENTS\IPT;C:\PROGRAM FILES (X86)\INTEL\INTEL(R) MANAGEMENT ENGINE COMPONENTS\DAL;C:\PROGRAM FILES (X86)\INTEL\INTEL(R) MANAGEMENT ENGINE COMPONENTS\IPT;C:\PROGRAM FILES (X86)\COMMON FILES\LENOVO\EASYPLUSSDK\BIN;C:\Program Files\WIDCOMM\Bluetooth Software\;C:\Program Files\WIDCOMM\Bluetooth Software\syswow64;C:\WINDOWS\system32;C:\WINDOWS\System32\Wbem;C:\WINDOWS\System32\WindowsPowerShell\v1.0\;C:\Program Files (x86)\NVIDIA Corporation\PhysX\Common;C:\Users\amit\AppData\Local\Microsoft\WindowsApps;C:\Users\amit\AppData\Roaming\Dashl;C:\WINDOWS\System32\OpenSSH\;C:\Program Files (x86)\Microsoft VS Code\bin;C:\Program Files\MySQL\MySQL Server 8.0\bin;C:\Program Files\dotnet\;C:\Program Files\Microsoft SQL Server\130\Tools\Binn\;C:\Program Files\Microsoft SQL Server\Client SDK\ODBC\170\Tools\Binn\;C:\Program Files\nodejs\;C:\Users\amit\Desktop\curl-8.0.1_7-win64-mingw;C:\apache-maven-3.9.3\bin;C:\allure-2.10.0\bin;C:\Windows\System32\wsl.exe;C:\Program Files\Go\bin;C:\sqlite-tools-win32-x86-3430100;C:\Program Files\PuTTY\;C:\Program Files\Amazon\AWSCLIV2\;C:\Program Files\Git\cmd;C:\Program Files\Git LFS;C:\Users\amit\AppData\Local\Android\Sdk\tools\bin;C:\Users\amit\AppData\Local\Android\Sdk\build-tools\35.0.0-rc4;;C:\WINDOWS\system32;C:\WINDOWS;C:\WINDOWS\System32\Wbem;C:\WINDOWS\System32\WindowsPowerShell\v1.0\;C:\WINDOWS\System32\OpenSSH\;C:\Users\amit\AppData\Local\Programs\
USERNAME=sumit
OS=Windows_NT
PROCESSOR_IDENTIFIER=Intel64 Family 6 Model 69 Stepping 1, GenuineIntel



---------------  S Y S T E M  ---------------

OS: Windows 10 , 64 bit Build 19041 (10.0.19041.1889)
Hyper-V role detected

CPU:total 4 (initial active 4) (2 cores per cpu, 2 threads per core) family 6 model 69 stepping 1 microcode 0x25, cmov, cx8, fxsr, mmx, sse, sse2, sse3, ssse3, sse4.1, sse4.2, popcnt, avx, avx2, aes, clmul, erms, lzcnt, ht, tsc, tscinvbit, bmi1, bmi2, fma

Memory: 4k page, system-wide physical 8095M (1234M free)
TotalPageFile size 11538M (AvailPageFile size 5M)
current process WorkingSet (physical memory assigned to process): 10M, peak: 10M
current process commit charge ("private bytes"): 52M, peak: 180M

vm_info: Java HotSpot(TM) 64-Bit Server VM (11.0.14+8-LTS-263) for windows-amd64 JRE (11.0.14+8-LTS-263), built on Dec  7 2021 21:53:57 by "mach5one" with MS VC++ 15.9 (VS2017)

END.
